2021-03-15 11:57:57.0010 DEBUG Application Starting Up
2021-03-15 11:57:58.4755 INFO Application started. Press Ctrl+C to shut down.
2021-03-15 11:57:58.4755 INFO Hosting environment: Development
2021-03-15 11:57:58.4755 INFO Content root path: C:\Projects\powerplant-coding-challenge\powerplant-coding-challenge-api\powerplant-coding-challenge-api
2021-03-15 12:08:12.4784 DEBUG Application Starting Up
2021-03-15 12:08:13.5555 INFO Application started. Press Ctrl+C to shut down.
2021-03-15 12:08:13.5555 INFO Hosting environment: Development
2021-03-15 12:08:13.5555 INFO Content root path: C:\Projects\powerplant-coding-challenge\powerplant-coding-challenge-api\powerplant-coding-challenge-api
2021-03-15 13:56:54.8572 DEBUG Application Starting Up
2021-03-15 13:56:56.4027 INFO Application started. Press Ctrl+C to shut down.
2021-03-15 13:56:56.4027 INFO Hosting environment: Development
2021-03-15 13:56:56.4027 INFO Content root path: C:\Projects\powerplant-coding-challenge\powerplant-coding-challenge-api\powerplant-coding-challenge-api
2021-03-15 13:59:23.1168 DEBUG Application Starting Up
2021-03-15 13:59:24.2121 INFO Application started. Press Ctrl+C to shut down.
2021-03-15 13:59:24.2121 INFO Hosting environment: Development
2021-03-15 13:59:24.2121 INFO Content root path: C:\Projects\powerplant-coding-challenge\powerplant-coding-challenge-api\powerplant-coding-challenge-api
2021-03-15 14:01:33.8417 DEBUG Application Starting Up
2021-03-15 14:01:34.8934 INFO Application started. Press Ctrl+C to shut down.
2021-03-15 14:01:34.8934 INFO Hosting environment: Development
2021-03-15 14:01:34.8980 INFO Content root path: C:\Projects\powerplant-coding-challenge\powerplant-coding-challenge-api\powerplant-coding-challenge-api
2021-03-15 14:02:17.9000 DEBUG Application Starting Up
2021-03-15 14:02:18.7881 INFO Application started. Press Ctrl+C to shut down.
2021-03-15 14:02:18.7881 INFO Hosting environment: Development
2021-03-15 14:02:18.7881 INFO Content root path: C:\Projects\powerplant-coding-challenge\powerplant-coding-challenge-api\powerplant-coding-challenge-api
2021-03-15 14:23:59.8740 DEBUG Application Starting Up
2021-03-15 14:24:00.9614 INFO Application started. Press Ctrl+C to shut down.
2021-03-15 14:24:00.9614 INFO Hosting environment: Development
2021-03-15 14:24:00.9614 INFO Content root path: C:\Projects\powerplant-coding-challenge\powerplant-coding-challenge-api\powerplant-coding-challenge-api
2021-03-15 14:29:24.8376 DEBUG Application Starting Up
2021-03-15 14:29:25.9226 INFO Application started. Press Ctrl+C to shut down.
2021-03-15 14:29:25.9226 INFO Hosting environment: Development
2021-03-15 14:29:25.9296 INFO Content root path: C:\Projects\powerplant-coding-challenge\powerplant-coding-challenge-api\powerplant-coding-challenge-api
2021-03-15 15:40:56.9481 DEBUG Application Starting Up
2021-03-15 15:40:57.8752 INFO Application started. Press Ctrl+C to shut down.
2021-03-15 15:40:57.8752 INFO Hosting environment: Development
2021-03-15 15:40:57.8752 INFO Content root path: C:\Projects\powerplant-coding-challenge\powerplant-coding-challenge-api\powerplant-coding-challenge-api
2021-03-15 15:46:07.0421 DEBUG Application Starting Up
2021-03-15 15:46:07.7984 INFO Now listening on: https://localhost:5001
2021-03-15 15:46:07.8048 INFO Now listening on: http://localhost:5000
2021-03-15 15:46:07.8048 INFO Application started. Press Ctrl+C to shut down.
2021-03-15 15:46:07.8048 INFO Hosting environment: Development
2021-03-15 15:46:07.8048 INFO Content root path: C:\Projects\powerplant-coding-challenge\powerplant-coding-challenge-api\powerplant-coding-challenge-api
2021-03-15 15:46:31.6432 INFO Application is shutting down...
2021-03-15 15:46:35.8529 DEBUG Application Starting Up
2021-03-15 15:46:36.1860 INFO Now listening on: https://localhost:5001
2021-03-15 15:46:36.1860 INFO Now listening on: http://localhost:5000
2021-03-15 15:46:36.1860 INFO Application started. Press Ctrl+C to shut down.
2021-03-15 15:46:36.1860 INFO Hosting environment: Development
2021-03-15 15:46:36.1944 INFO Content root path: C:\Projects\powerplant-coding-challenge\powerplant-coding-challenge-api\powerplant-coding-challenge-api
2021-03-15 15:46:36.5389 INFO Application is shutting down...
2021-03-15 16:10:22.2799 DEBUG Application Starting Up
2021-03-15 16:10:23.2747 INFO Application started. Press Ctrl+C to shut down.
2021-03-15 16:10:23.2747 INFO Hosting environment: Development
2021-03-15 16:10:23.2747 INFO Content root path: C:\Projects\powerplant-coding-challenge\powerplant-coding-challenge-api\powerplant-coding-challenge-api
2021-03-15 16:10:49.1809 DEBUG Application Starting Up
2021-03-15 16:10:50.5708 INFO Application started. Press Ctrl+C to shut down.
2021-03-15 16:10:50.5708 INFO Hosting environment: Development
2021-03-15 16:10:50.5708 INFO Content root path: C:\Projects\powerplant-coding-challenge\powerplant-coding-challenge-api\powerplant-coding-challenge-api
2021-03-15 16:10:50.5934 WARN Failed to determine the https port for redirect.
2021-03-15 16:13:35.4617 DEBUG Application Starting Up
2021-03-15 16:13:36.3948 INFO Application started. Press Ctrl+C to shut down.
2021-03-15 16:13:36.3979 INFO Hosting environment: Development
2021-03-15 16:13:36.3979 INFO Content root path: C:\Projects\powerplant-coding-challenge\powerplant-coding-challenge-api\powerplant-coding-challenge-api
2021-03-15 16:13:36.4169 WARN Failed to determine the https port for redirect.
2021-03-15 16:44:31.0253 DEBUG Application Starting Up
2021-03-15 16:44:31.9452 INFO Application started. Press Ctrl+C to shut down.
2021-03-15 16:44:31.9452 INFO Hosting environment: Development
2021-03-15 16:44:31.9452 INFO Content root path: C:\Projects\powerplant-coding-challenge\powerplant-coding-challenge-api\powerplant-coding-challenge-api
2021-03-15 16:44:31.9716 WARN Failed to determine the https port for redirect.
2021-03-15 16:48:09.6794 DEBUG Application Starting Up
2021-03-15 16:48:10.5455 INFO Application started. Press Ctrl+C to shut down.
2021-03-15 16:48:10.5455 INFO Hosting environment: Development
2021-03-15 16:48:10.5455 INFO Content root path: C:\Projects\powerplant-coding-challenge\powerplant-coding-challenge-api\powerplant-coding-challenge-api
2021-03-15 16:48:10.5706 WARN Failed to determine the https port for redirect.
2021-03-15 16:51:25.9004 DEBUG Application Starting Up
2021-03-15 16:51:26.8770 INFO Application started. Press Ctrl+C to shut down.
2021-03-15 16:51:26.8770 INFO Hosting environment: Development
2021-03-15 16:51:26.8820 INFO Content root path: C:\Projects\powerplant-coding-challenge\powerplant-coding-challenge-api\powerplant-coding-challenge-api
2021-03-15 16:51:26.9104 WARN Failed to determine the https port for redirect.
2021-03-15 16:52:15.9040 DEBUG Application Starting Up
2021-03-15 16:52:16.7955 INFO Application started. Press Ctrl+C to shut down.
2021-03-15 16:52:16.7955 INFO Hosting environment: Development
2021-03-15 16:52:16.7955 INFO Content root path: C:\Projects\powerplant-coding-challenge\powerplant-coding-challenge-api\powerplant-coding-challenge-api
2021-03-15 16:52:16.8164 WARN Failed to determine the https port for redirect.
2021-03-15 17:21:06.7254 DEBUG Application Starting Up
2021-03-15 17:21:08.0954 INFO Application started. Press Ctrl+C to shut down.
2021-03-15 17:21:08.0954 INFO Hosting environment: Development
2021-03-15 17:21:08.1022 INFO Content root path: C:\Projects\powerplant-coding-challenge\powerplant-coding-challenge-api\powerplant-coding-challenge-api
2021-03-15 17:21:08.1201 WARN Failed to determine the https port for redirect.
